{"C:\\Users\\user\\Desktop\\cicd-demo-app\\src\\app.js": {"path":"C:\\Users\\user\\Desktop\\cicd-demo-app\\src\\app.js","statementMap":{"0":{"start":{"line":2,"column":16},"end":{"line":2,"column":34}},"1":{"start":{"line":3,"column":12},"end":{"line":3,"column":21}},"2":{"start":{"line":4,"column":0},"end":{"line":4,"column":24}},"3":{"start":{"line":7,"column":0},"end":{"line":13,"column":3}},"4":{"start":{"line":8,"column":2},"end":{"line":12,"column":5}},"5":{"start":{"line":16,"column":0},"end":{"line":22,"column":3}},"6":{"start":{"line":17,"column":19},"end":{"line":17,"column":27}},"7":{"start":{"line":18,"column":2},"end":{"line":20,"column":3}},"8":{"start":{"line":19,"column":4},"end":{"line":19,"column":75}},"9":{"start":{"line":21,"column":2},"end":{"line":21,"column":48}},"10":{"start":{"line":24,"column":0},"end":{"line":30,"column":3}},"11":{"start":{"line":25,"column":19},"end":{"line":25,"column":27}},"12":{"start":{"line":26,"column":2},"end":{"line":28,"column":3}},"13":{"start":{"line":27,"column":4},"end":{"line":27,"column":75}},"14":{"start":{"line":29,"column":2},"end":{"line":29,"column":53}},"15":{"start":{"line":32,"column":0},"end":{"line":38,"column":3}},"16":{"start":{"line":33,"column":19},"end":{"line":33,"column":27}},"17":{"start":{"line":34,"column":2},"end":{"line":36,"column":3}},"18":{"start":{"line":35,"column":4},"end":{"line":35,"column":75}},"19":{"start":{"line":37,"column":2},"end":{"line":37,"column":53}},"20":{"start":{"line":41,"column":0},"end":{"line":46,"column":1}},"21":{"start":{"line":42,"column":15},"end":{"line":42,"column":39}},"22":{"start":{"line":43,"column":2},"end":{"line":45,"column":5}},"23":{"start":{"line":44,"column":4},"end":{"line":44,"column":52}},"24":{"start":{"line":48,"column":0},"end":{"line":48,"column":21}}},"fnMap":{"0":{"name":"(anonymous_0)","decl":{"start":{"line":7,"column":19},"end":{"line":7,"column":20}},"loc":{"start":{"line":7,"column":33},"end":{"line":13,"column":1}},"line":7},"1":{"name":"(anonymous_1)","decl":{"start":{"line":16,"column":27},"end":{"line":16,"column":28}},"loc":{"start":{"line":16,"column":41},"end":{"line":22,"column":1}},"line":16},"2":{"name":"(anonymous_2)","decl":{"start":{"line":24,"column":32},"end":{"line":24,"column":33}},"loc":{"start":{"line":24,"column":46},"end":{"line":30,"column":1}},"line":24},"3":{"name":"(anonymous_3)","decl":{"start":{"line":32,"column":32},"end":{"line":32,"column":33}},"loc":{"start":{"line":32,"column":46},"end":{"line":38,"column":1}},"line":32},"4":{"name":"(anonymous_4)","decl":{"start":{"line":43,"column":19},"end":{"line":43,"column":20}},"loc":{"start":{"line":43,"column":25},"end":{"line":45,"column":3}},"line":43}},"branchMap":{"0":{"loc":{"start":{"line":11,"column":13},"end":{"line":11,"column":47}},"type":"binary-expr","locations":[{"start":{"line":11,"column":13},"end":{"line":11,"column":36}},{"start":{"line":11,"column":40},"end":{"line":11,"column":47}}],"line":11},"1":{"loc":{"start":{"line":18,"column":2},"end":{"line":20,"column":3}},"type":"if","locations":[{"start":{"line":18,"column":2},"end":{"line":20,"column":3}},{"start":{},"end":{}}],"line":18},"2":{"loc":{"start":{"line":18,"column":6},"end":{"line":18,"column":52}},"type":"binary-expr","locations":[{"start":{"line":18,"column":6},"end":{"line":18,"column":27}},{"start":{"line":18,"column":31},"end":{"line":18,"column":52}}],"line":18},"3":{"loc":{"start":{"line":26,"column":2},"end":{"line":28,"column":3}},"type":"if","locations":[{"start":{"line":26,"column":2},"end":{"line":28,"column":3}},{"start":{},"end":{}}],"line":26},"4":{"loc":{"start":{"line":26,"column":6},"end":{"line":26,"column":52}},"type":"binary-expr","locations":[{"start":{"line":26,"column":6},"end":{"line":26,"column":27}},{"start":{"line":26,"column":31},"end":{"line":26,"column":52}}],"line":26},"5":{"loc":{"start":{"line":34,"column":2},"end":{"line":36,"column":3}},"type":"if","locations":[{"start":{"line":34,"column":2},"end":{"line":36,"column":3}},{"start":{},"end":{}}],"line":34},"6":{"loc":{"start":{"line":34,"column":6},"end":{"line":34,"column":52}},"type":"binary-expr","locations":[{"start":{"line":34,"column":6},"end":{"line":34,"column":27}},{"start":{"line":34,"column":31},"end":{"line":34,"column":52}}],"line":34},"7":{"loc":{"start":{"line":41,"column":0},"end":{"line":46,"column":1}},"type":"if","locations":[{"start":{"line":41,"column":0},"end":{"line":46,"column":1}},{"start":{},"end":{}}],"line":41},"8":{"loc":{"start":{"line":42,"column":15},"end":{"line":42,"column":39}},"type":"binary-expr","locations":[{"start":{"line":42,"column":15},"end":{"line":42,"column":31}},{"start":{"line":42,"column":35},"end":{"line":42,"column":39}}],"line":42}},"s":{"0":1,"1":1,"2":1,"3":1,"4":1,"5":1,"6":3,"7":3,"8":1,"9":2,"10":1,"11":2,"12":2,"13":0,"14":2,"15":1,"16":3,"17":3,"18":1,"19":2,"20":1,"21":0,"22":0,"23":0,"24":1},"f":{"0":1,"1":3,"2":2,"3":3,"4":0},"b":{"0":[1,1],"1":[1,2],"2":[3,2],"3":[0,2],"4":[2,2],"5":[1,2],"6":[3,2],"7":[0,1],"8":[0,0]},"_coverageSchema":"1a1c01bbd47fc00a2c39e90264f33305004495a9","hash":"cd9aab2000e39bfa6e65fc7a9192d39f774ae75b"}
}
