TN:
SF:src\app.js
FN:7,(anonymous_0)
FN:16,(anonymous_1)
FN:24,(anonymous_2)
FN:35,(anonymous_3)
FNF:4
FNH:3
FNDA:1,(anonymous_0)
FNDA:3,(anonymous_1)
FNDA:2,(anonymous_2)
FNDA:0,(anonymous_3)
DA:2,1
DA:3,1
DA:4,1
DA:7,1
DA:8,1
DA:16,1
DA:17,3
DA:18,3
DA:19,1
DA:21,2
DA:24,1
DA:25,2
DA:26,2
DA:27,0
DA:29,2
DA:33,1
DA:34,0
DA:35,0
DA:36,0
DA:40,1
LF:20
LH:16
BRDA:11,0,0,1
BRDA:11,0,1,1
BRDA:18,1,0,1
BRDA:18,1,1,2
BRDA:18,2,0,3
BRDA:18,2,1,2
BRDA:26,3,0,0
BRDA:26,3,1,2
BRDA:26,4,0,2
BRDA:26,4,1,2
BRDA:33,5,0,0
BRDA:33,5,1,1
BRDA:34,6,0,0
BRDA:34,6,1,0
BRF:14
BRH:10
end_of_record
