TN:
SF:src\app.js
FN:7,(anonymous_0)
FN:16,(anonymous_1)
FN:24,(anonymous_2)
FN:32,(anonymous_3)
FN:43,(anonymous_4)
FNF:5
FNH:4
FNDA:1,(anonymous_0)
FNDA:3,(anonymous_1)
FNDA:2,(anonymous_2)
FNDA:3,(anonymous_3)
FNDA:0,(anonymous_4)
DA:2,1
DA:3,1
DA:4,1
DA:7,1
DA:8,1
DA:16,1
DA:17,3
DA:18,3
DA:19,1
DA:21,2
DA:24,1
DA:25,2
DA:26,2
DA:27,0
DA:29,2
DA:32,1
DA:33,3
DA:34,3
DA:35,1
DA:37,2
DA:41,1
DA:42,0
DA:43,0
DA:44,0
DA:48,1
LF:25
LH:21
BRDA:11,0,0,1
BRDA:11,0,1,1
BRDA:18,1,0,1
BRDA:18,1,1,2
BRDA:18,2,0,3
BRDA:18,2,1,2
BRDA:26,3,0,0
BRDA:26,3,1,2
BRDA:26,4,0,2
BRDA:26,4,1,2
BRDA:34,5,0,1
BRDA:34,5,1,2
BRDA:34,6,0,3
BRDA:34,6,1,2
BRDA:41,7,0,0
BRDA:41,7,1,1
BRDA:42,8,0,0
BRDA:42,8,1,0
BRF:18
BRH:14
end_of_record
